This is pdfTeX, Version 3.14159265-2.6-1.40.19 (TeX Live 2018) (preloaded format=pdflatex 2018.6.20)  28 JUL 2018 22:42
entering extended mode
 restricted \write18 enabled.
 %&-line parsing enabled.
**Slides.tex
(./Slides.tex
LaTeX2e <2018-04-01> patch level 5
(/opt/texlive/2018/texmf-dist/tex/latex/beamer/beamer.cls
Document Class: beamer 2018/02/20 v3.50 A class for typesetting presentations
(/opt/texlive/2018/texmf-dist/tex/latex/beamer/beamerbasemodes.sty
(/opt/texlive/2018/texmf-dist/tex/latex/etoolbox/etoolbox.sty
Package: etoolbox 2018/02/11 v2.5e e-TeX tools for LaTeX (JAW)
\etb@tempcnta=\count80
)
\beamer@tempbox=\box26
\beamer@tempcount=\count81
\c@beamerpauses=\count82

(/opt/texlive/2018/texmf-dist/tex/latex/beamer/beamerbasedecode.sty
\beamer@slideinframe=\count83
\beamer@minimum=\count84
)
\beamer@commentbox=\box27
\beamer@modecount=\count85
)
(/opt/texlive/2018/texmf-dist/tex/generic/oberdiek/ifpdf.sty
Package: ifpdf 2017/03/15 v3.2 Provides the ifpdf switch
)
\headdp=\dimen102
\footheight=\dimen103
\sidebarheight=\dimen104
\beamer@tempdim=\dimen105
\beamer@finalheight=\dimen106
\beamer@animht=\dimen107
\beamer@animdp=\dimen108
\beamer@animwd=\dimen109
\beamer@leftmargin=\dimen110
\beamer@rightmargin=\dimen111
\beamer@leftsidebar=\dimen112
\beamer@rightsidebar=\dimen113
\beamer@boxsize=\dimen114
\beamer@vboxoffset=\dimen115
\beamer@descdefault=\dimen116
\beamer@descriptionwidth=\dimen117
\beamer@lastskip=\skip41
\beamer@areabox=\box28
\beamer@animcurrent=\box29
\beamer@animshowbox=\box30
\beamer@sectionbox=\box31
\beamer@logobox=\box32
\beamer@linebox=\box33
\beamer@sectioncount=\count86
\beamer@subsubsectionmax=\count87
\beamer@subsectionmax=\count88
\beamer@sectionmax=\count89
\beamer@totalheads=\count90
\beamer@headcounter=\count91
\beamer@partstartpage=\count92
\beamer@sectionstartpage=\count93
\beamer@subsectionstartpage=\count94
\beamer@animationtempa=\count95
\beamer@animationtempb=\count96
\beamer@xpos=\count97
\beamer@ypos=\count98
\beamer@ypos@offset=\count99
\beamer@showpartnumber=\count100
\beamer@currentsubsection=\count101
\beamer@coveringdepth=\count102
\beamer@sectionadjust=\count103
\beamer@tocsectionnumber=\count104

(/opt/texlive/2018/texmf-dist/tex/latex/beamer/beamerbaseoptions.sty
(/opt/texlive/2018/texmf-dist/tex/latex/graphics/keyval.sty
Package: keyval 2014/10/28 v1.15 key=value parser (DPC)
\KV@toks@=\toks14
))
\beamer@paperwidth=\skip42
\beamer@paperheight=\skip43

(/opt/texlive/2018/texmf-dist/tex/latex/geometry/geometry.sty
Package: geometry 2018/04/16 v5.8 Page Geometry

(/opt/texlive/2018/texmf-dist/tex/generic/oberdiek/ifvtex.sty
Package: ifvtex 2016/05/16 v1.6 Detect VTeX and its facilities (HO)
Package ifvtex Info: VTeX not detected.
)
(/opt/texlive/2018/texmf-dist/tex/generic/ifxetex/ifxetex.sty
Package: ifxetex 2010/09/12 v0.6 Provides ifxetex conditional
)
\Gm@cnth=\count105
\Gm@cntv=\count106
\c@Gm@tempcnt=\count107
\Gm@bindingoffset=\dimen118
\Gm@wd@mp=\dimen119
\Gm@odd@mp=\dimen120
\Gm@even@mp=\dimen121
\Gm@layoutwidth=\dimen122
\Gm@layoutheight=\dimen123
\Gm@layouthoffset=\dimen124
\Gm@layoutvoffset=\dimen125
\Gm@dimlist=\toks15
)
(/opt/texlive/2018/texmf-dist/tex/latex/base/size11.clo
File: size11.clo 2014/09/29 v1.4h Standard LaTeX file (size option)
)
(/opt/texlive/2018/texmf-dist/tex/latex/pgf/basiclayer/pgfcore.sty
(/opt/texlive/2018/texmf-dist/tex/latex/graphics/graphicx.sty
Package: graphicx 2017/06/01 v1.1a Enhanced LaTeX Graphics (DPC,SPQR)

(/opt/texlive/2018/texmf-dist/tex/latex/graphics/graphics.sty
Package: graphics 2017/06/25 v1.2c Standard LaTeX Graphics (DPC,SPQR)

(/opt/texlive/2018/texmf-dist/tex/latex/graphics/trig.sty
Package: trig 2016/01/03 v1.10 sin cos tan (DPC)
)
(/opt/texlive/2018/texmf-dist/tex/latex/graphics-cfg/graphics.cfg
File: graphics.cfg 2016/06/04 v1.11 sample graphics configuration
)
Package graphics Info: Driver file: pdftex.def on input line 99.

(/opt/texlive/2018/texmf-dist/tex/latex/graphics-def/pdftex.def
File: pdftex.def 2018/01/08 v1.0l Graphics/color driver for pdftex
))
\Gin@req@height=\dimen126
\Gin@req@width=\dimen127
)
(/opt/texlive/2018/texmf-dist/tex/latex/pgf/systemlayer/pgfsys.sty
(/opt/texlive/2018/texmf-dist/tex/latex/pgf/utilities/pgfrcs.sty
(/opt/texlive/2018/texmf-dist/tex/generic/pgf/utilities/pgfutil-common.tex
\pgfutil@everybye=\toks16
\pgfutil@tempdima=\dimen128
\pgfutil@tempdimb=\dimen129

(/opt/texlive/2018/texmf-dist/tex/generic/pgf/utilities/pgfutil-common-lists.te
x)) (/opt/texlive/2018/texmf-dist/tex/generic/pgf/utilities/pgfutil-latex.def
\pgfutil@abb=\box34

(/opt/texlive/2018/texmf-dist/tex/latex/ms/everyshi.sty
Package: everyshi 2001/05/15 v3.00 EveryShipout Package (MS)
))
(/opt/texlive/2018/texmf-dist/tex/generic/pgf/utilities/pgfrcs.code.tex
Package: pgfrcs 2015/08/07 v3.0.1a (rcs-revision 1.31)
))
(/opt/texlive/2018/texmf-dist/tex/generic/pgf/systemlayer/pgfsys.code.tex
Package: pgfsys 2014/07/09 v3.0.1a (rcs-revision 1.48)

(/opt/texlive/2018/texmf-dist/tex/generic/pgf/utilities/pgfkeys.code.tex
\pgfkeys@pathtoks=\toks17
\pgfkeys@temptoks=\toks18

(/opt/texlive/2018/texmf-dist/tex/generic/pgf/utilities/pgfkeysfiltered.code.te
x
\pgfkeys@tmptoks=\toks19
))
\pgf@x=\dimen130
\pgf@y=\dimen131
\pgf@xa=\dimen132
\pgf@ya=\dimen133
\pgf@xb=\dimen134
\pgf@yb=\dimen135
\pgf@xc=\dimen136
\pgf@yc=\dimen137
\w@pgf@writea=\write3
\r@pgf@reada=\read1
\c@pgf@counta=\count108
\c@pgf@countb=\count109
\c@pgf@countc=\count110
\c@pgf@countd=\count111
\t@pgf@toka=\toks20
\t@pgf@tokb=\toks21
\t@pgf@tokc=\toks22
 (/opt/texlive/2018/texmf-dist/tex/generic/pgf/systemlayer/pgf.cfg
File: pgf.cfg 2008/05/14  (rcs-revision 1.7)
)
Driver file for pgf: pgfsys-pdftex.def

(/opt/texlive/2018/texmf-dist/tex/generic/pgf/systemlayer/pgfsys-pdftex.def
File: pgfsys-pdftex.def 2014/10/11  (rcs-revision 1.35)

(/opt/texlive/2018/texmf-dist/tex/generic/pgf/systemlayer/pgfsys-common-pdf.def
File: pgfsys-common-pdf.def 2013/10/10  (rcs-revision 1.13)
)))
(/opt/texlive/2018/texmf-dist/tex/generic/pgf/systemlayer/pgfsyssoftpath.code.t
ex
File: pgfsyssoftpath.code.tex 2013/09/09  (rcs-revision 1.9)
\pgfsyssoftpath@smallbuffer@items=\count112
\pgfsyssoftpath@bigbuffer@items=\count113
)
(/opt/texlive/2018/texmf-dist/tex/generic/pgf/systemlayer/pgfsysprotocol.code.t
ex
File: pgfsysprotocol.code.tex 2006/10/16  (rcs-revision 1.4)
)) (/opt/texlive/2018/texmf-dist/tex/latex/xcolor/xcolor.sty
Package: xcolor 2016/05/11 v2.12 LaTeX color extensions (UK)

(/opt/texlive/2018/texmf-dist/tex/latex/graphics-cfg/color.cfg
File: color.cfg 2016/01/02 v1.6 sample color configuration
)
Package xcolor Info: Driver file: pdftex.def on input line 225.
Package xcolor Info: Model `cmy' substituted by `cmy0' on input line 1348.
Package xcolor Info: Model `hsb' substituted by `rgb' on input line 1352.
Package xcolor Info: Model `RGB' extended on input line 1364.
Package xcolor Info: Model `HTML' substituted by `rgb' on input line 1366.
Package xcolor Info: Model `Hsb' substituted by `hsb' on input line 1367.
Package xcolor Info: Model `tHsb' substituted by `hsb' on input line 1368.
Package xcolor Info: Model `HSB' substituted by `hsb' on input line 1369.
Package xcolor Info: Model `Gray' substituted by `gray' on input line 1370.
Package xcolor Info: Model `wave' substituted by `hsb' on input line 1371.
)
(/opt/texlive/2018/texmf-dist/tex/generic/pgf/basiclayer/pgfcore.code.tex
Package: pgfcore 2010/04/11 v3.0.1a (rcs-revision 1.7)

(/opt/texlive/2018/texmf-dist/tex/generic/pgf/math/pgfmath.code.tex
(/opt/texlive/2018/texmf-dist/tex/generic/pgf/math/pgfmathcalc.code.tex
(/opt/texlive/2018/texmf-dist/tex/generic/pgf/math/pgfmathutil.code.tex)
(/opt/texlive/2018/texmf-dist/tex/generic/pgf/math/pgfmathparser.code.tex
\pgfmath@dimen=\dimen138
\pgfmath@count=\count114
\pgfmath@box=\box35
\pgfmath@toks=\toks23
\pgfmath@stack@operand=\toks24
\pgfmath@stack@operation=\toks25
)
(/opt/texlive/2018/texmf-dist/tex/generic/pgf/math/pgfmathfunctions.code.tex
(/opt/texlive/2018/texmf-dist/tex/generic/pgf/math/pgfmathfunctions.basic.code.
tex)
(/opt/texlive/2018/texmf-dist/tex/generic/pgf/math/pgfmathfunctions.trigonometr
ic.code.tex)
(/opt/texlive/2018/texmf-dist/tex/generic/pgf/math/pgfmathfunctions.random.code
.tex)
(/opt/texlive/2018/texmf-dist/tex/generic/pgf/math/pgfmathfunctions.comparison.
code.tex)
(/opt/texlive/2018/texmf-dist/tex/generic/pgf/math/pgfmathfunctions.base.code.t
ex)
(/opt/texlive/2018/texmf-dist/tex/generic/pgf/math/pgfmathfunctions.round.code.
tex)
(/opt/texlive/2018/texmf-dist/tex/generic/pgf/math/pgfmathfunctions.misc.code.t
ex)
(/opt/texlive/2018/texmf-dist/tex/generic/pgf/math/pgfmathfunctions.integerarit
hmetics.code.tex)))
(/opt/texlive/2018/texmf-dist/tex/generic/pgf/math/pgfmathfloat.code.tex
\c@pgfmathroundto@lastzeros=\count115
))
(/opt/texlive/2018/texmf-dist/tex/generic/pgf/basiclayer/pgfcorepoints.code.tex
File: pgfcorepoints.code.tex 2013/10/07  (rcs-revision 1.27)
\pgf@picminx=\dimen139
\pgf@picmaxx=\dimen140
\pgf@picminy=\dimen141
\pgf@picmaxy=\dimen142
\pgf@pathminx=\dimen143
\pgf@pathmaxx=\dimen144
\pgf@pathminy=\dimen145
\pgf@pathmaxy=\dimen146
\pgf@xx=\dimen147
\pgf@xy=\dimen148
\pgf@yx=\dimen149
\pgf@yy=\dimen150
\pgf@zx=\dimen151
\pgf@zy=\dimen152
)
(/opt/texlive/2018/texmf-dist/tex/generic/pgf/basiclayer/pgfcorepathconstruct.c
ode.tex
File: pgfcorepathconstruct.code.tex 2013/10/07  (rcs-revision 1.29)
\pgf@path@lastx=\dimen153
\pgf@path@lasty=\dimen154
)
(/opt/texlive/2018/texmf-dist/tex/generic/pgf/basiclayer/pgfcorepathusage.code.
tex
File: pgfcorepathusage.code.tex 2014/11/02  (rcs-revision 1.24)
\pgf@shorten@end@additional=\dimen155
\pgf@shorten@start@additional=\dimen156
)
(/opt/texlive/2018/texmf-dist/tex/generic/pgf/basiclayer/pgfcorescopes.code.tex
File: pgfcorescopes.code.tex 2015/05/08  (rcs-revision 1.46)
\pgfpic=\box36
\pgf@hbox=\box37
\pgf@layerbox@main=\box38
\pgf@picture@serial@count=\count116
)
(/opt/texlive/2018/texmf-dist/tex/generic/pgf/basiclayer/pgfcoregraphicstate.co
de.tex
File: pgfcoregraphicstate.code.tex 2014/11/02  (rcs-revision 1.12)
\pgflinewidth=\dimen157
)
(/opt/texlive/2018/texmf-dist/tex/generic/pgf/basiclayer/pgfcoretransformations
.code.tex
File: pgfcoretransformations.code.tex 2015/08/07  (rcs-revision 1.20)
\pgf@pt@x=\dimen158
\pgf@pt@y=\dimen159
\pgf@pt@temp=\dimen160
)
(/opt/texlive/2018/texmf-dist/tex/generic/pgf/basiclayer/pgfcorequick.code.tex
File: pgfcorequick.code.tex 2008/10/09  (rcs-revision 1.3)
)
(/opt/texlive/2018/texmf-dist/tex/generic/pgf/basiclayer/pgfcoreobjects.code.te
x
File: pgfcoreobjects.code.tex 2006/10/11  (rcs-revision 1.2)
)
(/opt/texlive/2018/texmf-dist/tex/generic/pgf/basiclayer/pgfcorepathprocessing.
code.tex
File: pgfcorepathprocessing.code.tex 2013/09/09  (rcs-revision 1.9)
)
(/opt/texlive/2018/texmf-dist/tex/generic/pgf/basiclayer/pgfcorearrows.code.tex
File: pgfcorearrows.code.tex 2015/05/14  (rcs-revision 1.43)
\pgfarrowsep=\dimen161
)
(/opt/texlive/2018/texmf-dist/tex/generic/pgf/basiclayer/pgfcoreshade.code.tex
File: pgfcoreshade.code.tex 2013/07/15  (rcs-revision 1.15)
\pgf@max=\dimen162
\pgf@sys@shading@range@num=\count117
) (/opt/texlive/2018/texmf-dist/tex/generic/pgf/basiclayer/pgfcoreimage.code.te
x
File: pgfcoreimage.code.tex 2013/07/15  (rcs-revision 1.18)

(/opt/texlive/2018/texmf-dist/tex/generic/pgf/basiclayer/pgfcoreexternal.code.t
ex
File: pgfcoreexternal.code.tex 2014/07/09  (rcs-revision 1.21)
\pgfexternal@startupbox=\box39
))
(/opt/texlive/2018/texmf-dist/tex/generic/pgf/basiclayer/pgfcorelayers.code.tex
File: pgfcorelayers.code.tex 2013/07/18  (rcs-revision 1.7)
)
(/opt/texlive/2018/texmf-dist/tex/generic/pgf/basiclayer/pgfcoretransparency.co
de.tex
File: pgfcoretransparency.code.tex 2013/09/30  (rcs-revision 1.5)
)
(/opt/texlive/2018/texmf-dist/tex/generic/pgf/basiclayer/pgfcorepatterns.code.t
ex
File: pgfcorepatterns.code.tex 2013/11/07  (rcs-revision 1.5)
))) (/opt/texlive/2018/texmf-dist/tex/latex/pgf/utilities/xxcolor.sty
Package: xxcolor 2003/10/24 ver 0.1
\XC@nummixins=\count118
\XC@countmixins=\count119
)
(/opt/texlive/2018/texmf-dist/tex/generic/oberdiek/atbegshi.sty
Package: atbegshi 2016/06/09 v1.18 At begin shipout hook (HO)

(/opt/texlive/2018/texmf-dist/tex/generic/oberdiek/infwarerr.sty
Package: infwarerr 2016/05/16 v1.4 Providing info/warning/error messages (HO)
)
(/opt/texlive/2018/texmf-dist/tex/generic/oberdiek/ltxcmds.sty
Package: ltxcmds 2016/05/16 v1.23 LaTeX kernel commands for general use (HO)
))
(/opt/texlive/2018/texmf-dist/tex/latex/hyperref/hyperref.sty
Package: hyperref 2018/02/06 v6.86b Hypertext links for LaTeX

(/opt/texlive/2018/texmf-dist/tex/generic/oberdiek/hobsub-hyperref.sty
Package: hobsub-hyperref 2016/05/16 v1.14 Bundle oberdiek, subset hyperref (HO)


(/opt/texlive/2018/texmf-dist/tex/generic/oberdiek/hobsub-generic.sty
Package: hobsub-generic 2016/05/16 v1.14 Bundle oberdiek, subset generic (HO)
Package: hobsub 2016/05/16 v1.14 Construct package bundles (HO)
Package hobsub Info: Skipping package `infwarerr' (already loaded).
Package hobsub Info: Skipping package `ltxcmds' (already loaded).
Package: ifluatex 2016/05/16 v1.4 Provides the ifluatex switch (HO)
Package ifluatex Info: LuaTeX not detected.
Package hobsub Info: Skipping package `ifvtex' (already loaded).
Package: intcalc 2016/05/16 v1.2 Expandable calculations with integers (HO)
Package hobsub Info: Skipping package `ifpdf' (already loaded).
Package: etexcmds 2016/05/16 v1.6 Avoid name clashes with e-TeX commands (HO)
Package etexcmds Info: Could not find \expanded.
(etexcmds)             That can mean that you are not using pdfTeX 1.50 or
(etexcmds)             that some package has redefined \expanded.
(etexcmds)             In the latter case, load this package earlier.
Package: kvsetkeys 2016/05/16 v1.17 Key value parser (HO)
Package: kvdefinekeys 2016/05/16 v1.4 Define keys (HO)
Package: pdftexcmds 2018/01/30 v0.27 Utility functions of pdfTeX for LuaTeX (HO
)
Package pdftexcmds Info: LuaTeX not detected.
Package pdftexcmds Info: \pdf@primitive is available.
Package pdftexcmds Info: \pdf@ifprimitive is available.
Package pdftexcmds Info: \pdfdraftmode found.
Package: pdfescape 2016/05/16 v1.14 Implements pdfTeX's escape features (HO)
Package: bigintcalc 2016/05/16 v1.4 Expandable calculations on big integers (HO
)
Package: bitset 2016/05/16 v1.2 Handle bit-vector datatype (HO)
Package: uniquecounter 2016/05/16 v1.3 Provide unlimited unique counter (HO)
)
Package hobsub Info: Skipping package `hobsub' (already loaded).
Package: letltxmacro 2016/05/16 v1.5 Let assignment for LaTeX macros (HO)
Package: hopatch 2016/05/16 v1.3 Wrapper for package hooks (HO)
Package: xcolor-patch 2016/05/16 xcolor patch
Package: atveryend 2016/05/16 v1.9 Hooks at the very end of document (HO)
Package hobsub Info: Skipping package `atbegshi' (already loaded).
Package: refcount 2016/05/16 v3.5 Data extraction from label references (HO)
Package: hycolor 2016/05/16 v1.8 Color options for hyperref/bookmark (HO)
)
(/opt/texlive/2018/texmf-dist/tex/latex/oberdiek/auxhook.sty
Package: auxhook 2016/05/16 v1.4 Hooks for auxiliary files (HO)
)
(/opt/texlive/2018/texmf-dist/tex/latex/oberdiek/kvoptions.sty
Package: kvoptions 2016/05/16 v3.12 Key value format for package options (HO)
)
\@linkdim=\dimen163
\Hy@linkcounter=\count120
\Hy@pagecounter=\count121

(/opt/texlive/2018/texmf-dist/tex/latex/hyperref/pd1enc.def
File: pd1enc.def 2018/02/06 v6.86b Hyperref: PDFDocEncoding definition (HO)
Now handling font encoding PD1 ...
... no UTF-8 mapping file for font encoding PD1
)
\Hy@SavedSpaceFactor=\count122

(/opt/texlive/2018/texmf-dist/tex/latex/latexconfig/hyperref.cfg
File: hyperref.cfg 2002/06/06 v1.2 hyperref configuration of TeXLive
)
Package hyperref Info: Option `bookmarks' set `true' on input line 4383.
Package hyperref Info: Option `bookmarksopen' set `true' on input line 4383.
Package hyperref Info: Option `implicit' set `false' on input line 4383.
Package hyperref Info: Hyper figures OFF on input line 4509.
Package hyperref Info: Link nesting OFF on input line 4514.
Package hyperref Info: Hyper index ON on input line 4517.
Package hyperref Info: Plain pages OFF on input line 4524.
Package hyperref Info: Backreferencing OFF on input line 4529.
Package hyperref Info: Implicit mode OFF; no redefinition of LaTeX internals.
Package hyperref Info: Bookmarks ON on input line 4762.
\c@Hy@tempcnt=\count123

(/opt/texlive/2018/texmf-dist/tex/latex/url/url.sty
\Urlmuskip=\muskip10
Package: url 2013/09/16  ver 3.4  Verb mode for urls, etc.
)
LaTeX Info: Redefining \url on input line 5115.
\XeTeXLinkMargin=\dimen164
\Fld@menulength=\count124
\Field@Width=\dimen165
\Fld@charsize=\dimen166
Package hyperref Info: Hyper figures OFF on input line 6369.
Package hyperref Info: Link nesting OFF on input line 6374.
Package hyperref Info: Hyper index ON on input line 6377.
Package hyperref Info: backreferencing OFF on input line 6384.
Package hyperref Info: Link coloring OFF on input line 6389.
Package hyperref Info: Link coloring with OCG OFF on input line 6394.
Package hyperref Info: PDF/A mode OFF on input line 6399.
LaTeX Info: Redefining \ref on input line 6439.
LaTeX Info: Redefining \pageref on input line 6443.
\Hy@abspage=\count125


Package hyperref Message: Stopped early.

)
Package hyperref Info: Driver (autodetected): hpdftex.
 (/opt/texlive/2018/texmf-dist/tex/latex/hyperref/hpdftex.def
File: hpdftex.def 2018/02/06 v6.86b Hyperref driver for pdfTeX
\Fld@listcount=\count126
\c@bookmark@seq@number=\count127

(/opt/texlive/2018/texmf-dist/tex/latex/oberdiek/rerunfilecheck.sty
Package: rerunfilecheck 2016/05/16 v1.8 Rerun checks for auxiliary files (HO)
Package uniquecounter Info: New unique counter `rerunfilecheck' on input line 2
82.
))
(/opt/texlive/2018/texmf-dist/tex/latex/beamer/beamerbaserequires.sty
(/opt/texlive/2018/texmf-dist/tex/latex/beamer/beamerbasecompatibility.sty)
(/opt/texlive/2018/texmf-dist/tex/latex/beamer/beamerbasefont.sty
(/opt/texlive/2018/texmf-dist/tex/latex/amsfonts/amssymb.sty
Package: amssymb 2013/01/14 v3.01 AMS font symbols

(/opt/texlive/2018/texmf-dist/tex/latex/amsfonts/amsfonts.sty
Package: amsfonts 2013/01/14 v3.01 Basic AMSFonts support
\@emptytoks=\toks26
\symAMSa=\mathgroup4
\symAMSb=\mathgroup5
LaTeX Font Info:    Overwriting math alphabet `\mathfrak' in version `bold'
(Font)                  U/euf/m/n --> U/euf/b/n on input line 106.
)))
(/opt/texlive/2018/texmf-dist/tex/latex/beamer/beamerbasetranslator.sty
(/opt/texlive/2018/texmf-dist/tex/latex/translator/translator.sty
Package: translator 2018/01/04 v1.12 Easy translation of strings in LaTeX
))
(/opt/texlive/2018/texmf-dist/tex/latex/beamer/beamerbasemisc.sty)
(/opt/texlive/2018/texmf-dist/tex/latex/beamer/beamerbasetwoscreens.sty)
(/opt/texlive/2018/texmf-dist/tex/latex/beamer/beamerbaseoverlay.sty
\beamer@argscount=\count128
\beamer@lastskipcover=\skip44
\beamer@trivlistdepth=\count129
)
(/opt/texlive/2018/texmf-dist/tex/latex/beamer/beamerbasetitle.sty)
(/opt/texlive/2018/texmf-dist/tex/latex/beamer/beamerbasesection.sty
\c@lecture=\count130
\c@part=\count131
\c@section=\count132
\c@subsection=\count133
\c@subsubsection=\count134
)
(/opt/texlive/2018/texmf-dist/tex/latex/beamer/beamerbaseframe.sty
\beamer@framebox=\box40
\beamer@frametitlebox=\box41
\beamer@zoombox=\box42
\beamer@zoomcount=\count135
\beamer@zoomframecount=\count136
\beamer@frametextheight=\dimen167
\c@subsectionslide=\count137
\beamer@frametopskip=\skip45
\beamer@framebottomskip=\skip46
\beamer@frametopskipautobreak=\skip47
\beamer@framebottomskipautobreak=\skip48
\beamer@envbody=\toks27
\framewidth=\dimen168
\c@framenumber=\count138
)
(/opt/texlive/2018/texmf-dist/tex/latex/beamer/beamerbaseverbatim.sty
\beamer@verbatimfileout=\write4
)
(/opt/texlive/2018/texmf-dist/tex/latex/beamer/beamerbaseframesize.sty
\beamer@splitbox=\box43
\beamer@autobreakcount=\count139
\beamer@autobreaklastheight=\dimen169
\beamer@frametitletoks=\toks28
\beamer@framesubtitletoks=\toks29
)
(/opt/texlive/2018/texmf-dist/tex/latex/beamer/beamerbaseframecomponents.sty
\beamer@footins=\box44
)
(/opt/texlive/2018/texmf-dist/tex/latex/beamer/beamerbasecolor.sty
\beamer@bg@ht=\dimen170
\beamer@bg@wd=\dimen171
\beamer@bg@dp=\dimen172
)
(/opt/texlive/2018/texmf-dist/tex/latex/beamer/beamerbasenotes.sty
\beamer@frameboxcopy=\box45
)
(/opt/texlive/2018/texmf-dist/tex/latex/beamer/beamerbasetoc.sty)
(/opt/texlive/2018/texmf-dist/tex/latex/beamer/beamerbasetemplates.sty
\beamer@sbttoks=\toks30

(/opt/texlive/2018/texmf-dist/tex/latex/beamer/beamerbaseauxtemplates.sty
(/opt/texlive/2018/texmf-dist/tex/latex/beamer/beamerbaseboxes.sty
\bmb@box=\box46
\bmb@colorbox=\box47
\bmb@boxshadow=\box48
\bmb@boxshadowball=\box49
\bmb@boxshadowballlarge=\box50
\bmb@temp=\dimen173
\bmb@dima=\dimen174
\bmb@dimb=\dimen175
\bmb@prevheight=\dimen176
)
\beamer@blockheadheight=\dimen177
))
(/opt/texlive/2018/texmf-dist/tex/latex/beamer/beamerbaselocalstructure.sty
(/opt/texlive/2018/texmf-dist/tex/latex/tools/enumerate.sty
Package: enumerate 2015/07/23 v3.00 enumerate extensions (DPC)
\@enLab=\toks31
)
\c@figure=\count140
\c@table=\count141
\abovecaptionskip=\skip49
\belowcaptionskip=\skip50
)
(/opt/texlive/2018/texmf-dist/tex/latex/beamer/beamerbasenavigation.sty
\beamer@section@min@dim=\dimen178
)
(/opt/texlive/2018/texmf-dist/tex/latex/beamer/beamerbasetheorems.sty
(/opt/texlive/2018/texmf-dist/tex/latex/amsmath/amsmath.sty
Package: amsmath 2017/09/02 v2.17a AMS math features
\@mathmargin=\skip51

For additional information on amsmath, use the `?' option.
(/opt/texlive/2018/texmf-dist/tex/latex/amsmath/amstext.sty
Package: amstext 2000/06/29 v2.01 AMS text

(/opt/texlive/2018/texmf-dist/tex/latex/amsmath/amsgen.sty
File: amsgen.sty 1999/11/30 v2.0 generic functions
\@emptytoks=\toks32
\ex@=\dimen179
))
(/opt/texlive/2018/texmf-dist/tex/latex/amsmath/amsbsy.sty
Package: amsbsy 1999/11/29 v1.2d Bold Symbols
\pmbraise@=\dimen180
)
(/opt/texlive/2018/texmf-dist/tex/latex/amsmath/amsopn.sty
Package: amsopn 2016/03/08 v2.02 operator names
)
\inf@bad=\count142
LaTeX Info: Redefining \frac on input line 213.
\uproot@=\count143
\leftroot@=\count144
LaTeX Info: Redefining \overline on input line 375.
\classnum@=\count145
\DOTSCASE@=\count146
LaTeX Info: Redefining \ldots on input line 472.
LaTeX Info: Redefining \dots on input line 475.
LaTeX Info: Redefining \cdots on input line 596.
\Mathstrutbox@=\box51
\strutbox@=\box52
\big@size=\dimen181
LaTeX Font Info:    Redeclaring font encoding OML on input line 712.
LaTeX Font Info:    Redeclaring font encoding OMS on input line 713.
\macc@depth=\count147
\c@MaxMatrixCols=\count148
\dotsspace@=\muskip11
\c@parentequation=\count149
\dspbrk@lvl=\count150
\tag@help=\toks33
\row@=\count151
\column@=\count152
\maxfields@=\count153
\andhelp@=\toks34
\eqnshift@=\dimen182
\alignsep@=\dimen183
\tagshift@=\dimen184
\tagwidth@=\dimen185
\totwidth@=\dimen186
\lineht@=\dimen187
\@envbody=\toks35
\multlinegap=\skip52
\multlinetaggap=\skip53
\mathdisplay@stack=\toks36
LaTeX Info: Redefining \[ on input line 2817.
LaTeX Info: Redefining \] on input line 2818.
)
(/opt/texlive/2018/texmf-dist/tex/latex/amscls/amsthm.sty
Package: amsthm 2017/10/31 v2.20.4
\thm@style=\toks37
\thm@bodyfont=\toks38
\thm@headfont=\toks39
\thm@notefont=\toks40
\thm@headpunct=\toks41
\thm@preskip=\skip54
\thm@postskip=\skip55
\thm@headsep=\skip56
\dth@everypar=\toks42
)
\c@theorem=\count154
)
(/opt/texlive/2018/texmf-dist/tex/latex/beamer/beamerbasethemes.sty))
(/opt/texlive/2018/texmf-dist/tex/latex/beamer/beamerthemedefault.sty
(/opt/texlive/2018/texmf-dist/tex/latex/beamer/beamerfontthemedefault.sty)
(/opt/texlive/2018/texmf-dist/tex/latex/beamer/beamercolorthemedefault.sty)
(/opt/texlive/2018/texmf-dist/tex/latex/beamer/beamerinnerthemedefault.sty
\beamer@dima=\dimen188
\beamer@dimb=\dimen189
)
(/opt/texlive/2018/texmf-dist/tex/latex/beamer/beamerouterthemedefault.sty)))
(/opt/texlive/2018/texmf-dist/tex/latex/base/inputenc.sty
Package: inputenc 2018/04/06 v1.3b Input encoding file
\inpenc@prehook=\toks43
\inpenc@posthook=\toks44
)
(/opt/texlive/2018/texmf-dist/tex/generic/babel/babel.sty
Package: babel 2018/06/05 3.22 The Babel package

(/opt/texlive/2018/texmf-dist/tex/generic/babel/switch.def
File: switch.def 2018/06/05 3.22 Babel switching mechanism
)
(/opt/texlive/2018/texmf-dist/tex/generic/babel-portuges/portuges.ldf
Language: portuges 2008/03/18 v1.2q Portuguese support from the babel system

(/opt/texlive/2018/texmf-dist/tex/generic/babel/babel.def
File: babel.def 2018/06/05 3.22 Babel common definitions
\babel@savecnt=\count155
\U@D=\dimen190

(/opt/texlive/2018/texmf-dist/tex/generic/babel/txtbabel.def)
LaTeX Info: Redefining \textlatin on input line 1915.
\bbl@dirlevel=\count156
)
Package babel Info: Making " an active character on input line 145.
))
(/opt/texlive/2018/texmf-dist/tex/latex/caption/caption.sty
Package: caption 2018/05/01 v3.3-147 Customizing captions (AR)

(/opt/texlive/2018/texmf-dist/tex/latex/caption/caption3.sty
Package: caption3 2018/05/27 v1.8a caption3 kernel (AR)
Package caption3 Info: TeX engine: e-TeX on input line 64.
\captionmargin=\dimen191
\captionmargin@=\dimen192
\captionwidth=\dimen193
\caption@tempdima=\dimen194
\caption@indent=\dimen195
\caption@parindent=\dimen196
\caption@hangindent=\dimen197
)
\c@ContinuedFloat=\count157
Package caption Info: beamer document class.
Package caption Info: hyperref package is loaded.
Package caption Info: Hyperref support is turned off
(caption)             because hyperref has stopped early.
)
(/opt/texlive/2018/texmf-dist/tex/latex/beamer/beamerthemeBerkeley.sty
(/opt/texlive/2018/texmf-dist/tex/latex/beamer/beamerouterthemesidebar.sty
\beamer@sidebarwidth=\dimen198
\beamer@headheight=\dimen199
)
(/opt/texlive/2018/texmf-dist/tex/latex/beamer/beamerinnerthemerectangles.sty)
(/opt/texlive/2018/texmf-dist/tex/latex/beamer/beamercolorthemewhale.sty)
(/opt/texlive/2018/texmf-dist/tex/latex/beamer/beamercolorthemeorchid.sty))
(./Slides.aux)
\openout1 = `Slides.aux'.

LaTeX Font Info:    Checking defaults for OML/cmm/m/it on input line 19.
LaTeX Font Info:    ... okay on input line 19.
LaTeX Font Info:    Checking defaults for T1/cmr/m/n on input line 19.
LaTeX Font Info:    ... okay on input line 19.
LaTeX Font Info:    Checking defaults for OT1/cmr/m/n on input line 19.
LaTeX Font Info:    ... okay on input line 19.
LaTeX Font Info:    Checking defaults for OMS/cmsy/m/n on input line 19.
LaTeX Font Info:    ... okay on input line 19.
LaTeX Font Info:    Checking defaults for OMX/cmex/m/n on input line 19.
LaTeX Font Info:    ... okay on input line 19.
LaTeX Font Info:    Checking defaults for U/cmr/m/n on input line 19.
LaTeX Font Info:    ... okay on input line 19.
LaTeX Font Info:    Checking defaults for PD1/pdf/m/n on input line 19.
LaTeX Font Info:    ... okay on input line 19.

*geometry* driver: auto-detecting
*geometry* detected driver: pdftex
*geometry* verbose mode - [ preamble ] result:
* driver: pdftex
* paper: custom
* layout: <same size as paper>
* layoutoffset:(h,v)=(0.0pt,0.0pt)
* modes: includehead includefoot 
* h-part:(L,W,R)=(59.22636pt, 290.74263pt, 14.22636pt)
* v-part:(T,H,B)=(0.0pt, 273.14662pt, 0.0pt)
* \paperwidth=364.19536pt
* \paperheight=273.14662pt
* \textwidth=290.74263pt
* \textheight=244.6939pt
* \oddsidemargin=-13.04362pt
* \evensidemargin=-13.04362pt
* \topmargin=-72.26999pt
* \headheight=14.22636pt
* \headsep=0.0pt
* \topskip=11.0pt
* \footskip=14.22636pt
* \marginparwidth=4.0pt
* \marginparsep=10.0pt
* \columnsep=10.0pt
* \skip\footins=10.0pt plus 4.0pt minus 2.0pt
* \hoffset=0.0pt
* \voffset=0.0pt
* \mag=1000
* \@twocolumnfalse
* \@twosidefalse
* \@mparswitchfalse
* \@reversemarginfalse
* (1in=72.27pt=25.4mm, 1cm=28.453pt)

(/opt/texlive/2018/texmf-dist/tex/context/base/mkii/supp-pdf.mkii
[Loading MPS to PDF converter (version 2006.09.02).]
\scratchcounter=\count158
\scratchdimen=\dimen256
\scratchbox=\box53
\nofMPsegments=\count159
\nofMParguments=\count160
\everyMPshowfont=\toks45
\MPscratchCnt=\count161
\MPscratchDim=\dimen257
\MPnumerator=\count162
\makeMPintoPDFobject=\count163
\everyMPtoPDFconversion=\toks46
) (/opt/texlive/2018/texmf-dist/tex/latex/oberdiek/epstopdf-base.sty
Package: epstopdf-base 2016/05/15 v2.6 Base part for package epstopdf

(/opt/texlive/2018/texmf-dist/tex/latex/oberdiek/grfext.sty
Package: grfext 2016/05/16 v1.2 Manage graphics extensions (HO)
)
Package epstopdf-base Info: Redefining graphics rule for `.eps' on input line 4
38.
Package grfext Info: Graphics extension search list:
(grfext)             [.pdf,.png,.jpg,.mps,.jpeg,.jbig2,.jb2,.PDF,.PNG,.JPG,.JPE
G,.JBIG2,.JB2,.eps]
(grfext)             \AppendGraphicsExtensions on input line 456.

(/opt/texlive/2018/texmf-dist/tex/latex/latexconfig/epstopdf-sys.cfg
File: epstopdf-sys.cfg 2010/07/13 v1.3 Configuration of (r)epstopdf for TeX Liv
e
))
ABD: EveryShipout initializing macros
\AtBeginShipoutBox=\box54
Package hyperref Info: Link coloring OFF on input line 19.

(/opt/texlive/2018/texmf-dist/tex/latex/hyperref/nameref.sty
Package: nameref 2016/05/21 v2.44 Cross-referencing by name of section

(/opt/texlive/2018/texmf-dist/tex/generic/oberdiek/gettitlestring.sty
Package: gettitlestring 2016/05/16 v1.5 Cleanup title references (HO)
)
\c@section@level=\count164
)
LaTeX Info: Redefining \ref on input line 19.
LaTeX Info: Redefining \pageref on input line 19.
LaTeX Info: Redefining \nameref on input line 19.

(./Slides.out) (./Slides.out)
\@outlinefile=\write5
\openout5 = `Slides.out'.

LaTeX Font Info:    Overwriting symbol font `operators' in version `normal'
(Font)                  OT1/cmr/m/n --> OT1/cmss/m/n on input line 19.
LaTeX Font Info:    Overwriting symbol font `operators' in version `bold'
(Font)                  OT1/cmr/bx/n --> OT1/cmss/bx/n on input line 19.
\symnumbers=\mathgroup6
\sympureletters=\mathgroup7
LaTeX Font Info:    Overwriting math alphabet `\mathrm' in version `normal'
(Font)                  OT1/cmss/m/n --> OT1/cmr/m/n on input line 19.
LaTeX Font Info:    Redeclaring math alphabet \mathbf on input line 19.
LaTeX Font Info:    Overwriting math alphabet `\mathbf' in version `normal'
(Font)                  OT1/cmr/bx/n --> OT1/cmss/bx/n on input line 19.
LaTeX Font Info:    Overwriting math alphabet `\mathbf' in version `bold'
(Font)                  OT1/cmr/bx/n --> OT1/cmss/bx/n on input line 19.
LaTeX Font Info:    Redeclaring math alphabet \mathsf on input line 19.
LaTeX Font Info:    Overwriting math alphabet `\mathsf' in version `normal'
(Font)                  OT1/cmss/m/n --> OT1/cmss/m/n on input line 19.
LaTeX Font Info:    Overwriting math alphabet `\mathsf' in version `bold'
(Font)                  OT1/cmss/bx/n --> OT1/cmss/m/n on input line 19.
LaTeX Font Info:    Redeclaring math alphabet \mathit on input line 19.
LaTeX Font Info:    Overwriting math alphabet `\mathit' in version `normal'
(Font)                  OT1/cmr/m/it --> OT1/cmss/m/it on input line 19.
LaTeX Font Info:    Overwriting math alphabet `\mathit' in version `bold'
(Font)                  OT1/cmr/bx/it --> OT1/cmss/m/it on input line 19.
LaTeX Font Info:    Redeclaring math alphabet \mathtt on input line 19.
LaTeX Font Info:    Overwriting math alphabet `\mathtt' in version `normal'
(Font)                  OT1/cmtt/m/n --> OT1/cmtt/m/n on input line 19.
LaTeX Font Info:    Overwriting math alphabet `\mathtt' in version `bold'
(Font)                  OT1/cmtt/m/n --> OT1/cmtt/m/n on input line 19.
LaTeX Font Info:    Overwriting symbol font `numbers' in version `bold'
(Font)                  OT1/cmss/m/n --> OT1/cmss/bx/n on input line 19.
LaTeX Font Info:    Overwriting symbol font `pureletters' in version `bold'
(Font)                  OT1/cmss/m/it --> OT1/cmss/bx/it on input line 19.
LaTeX Font Info:    Overwriting math alphabet `\mathrm' in version `bold'
(Font)                  OT1/cmss/bx/n --> OT1/cmr/bx/n on input line 19.
LaTeX Font Info:    Overwriting math alphabet `\mathbf' in version `bold'
(Font)                  OT1/cmss/bx/n --> OT1/cmss/bx/n on input line 19.
LaTeX Font Info:    Overwriting math alphabet `\mathsf' in version `bold'
(Font)                  OT1/cmss/m/n --> OT1/cmss/bx/n on input line 19.
LaTeX Font Info:    Overwriting math alphabet `\mathit' in version `bold'
(Font)                  OT1/cmss/m/it --> OT1/cmss/bx/it on input line 19.
LaTeX Font Info:    Overwriting math alphabet `\mathtt' in version `bold'
(Font)                  OT1/cmtt/m/n --> OT1/cmtt/bx/n on input line 19.

(/opt/texlive/2018/texmf-dist/tex/latex/translator/translator-basic-dictionary-
English.dict
Dictionary: translator-basic-dictionary, Language: English 
)
(/opt/texlive/2018/texmf-dist/tex/latex/translator/translator-bibliography-dict
ionary-English.dict
Dictionary: translator-bibliography-dictionary, Language: English 
)
(/opt/texlive/2018/texmf-dist/tex/latex/translator/translator-environment-dicti
onary-English.dict
Dictionary: translator-environment-dictionary, Language: English 
)
(/opt/texlive/2018/texmf-dist/tex/latex/translator/translator-months-dictionary
-English.dict
Dictionary: translator-months-dictionary, Language: English 
)
(/opt/texlive/2018/texmf-dist/tex/latex/translator/translator-numbers-dictionar
y-English.dict
Dictionary: translator-numbers-dictionary, Language: English 
)
(/opt/texlive/2018/texmf-dist/tex/latex/translator/translator-theorem-dictionar
y-English.dict
Dictionary: translator-theorem-dictionary, Language: English 
)
Package caption Info: Begin \AtBeginDocument code.
Package caption Info: End \AtBeginDocument code.
 (./Slides.nav) [1{/opt/texlive/2018/texmf-var/fonts/map/pdftex/updmap/pdftex.m
ap}

]
<./Imagens/taiko-jomon.jpg, id=95, 72.27pt x 96.36pt>
File: ./Imagens/taiko-jomon.jpg Graphic file (type jpg)
<use ./Imagens/taiko-jomon.jpg>
Package pdftex.def Info: ./Imagens/taiko-jomon.jpg  used on input line 35.
(pdftex.def)             Requested size: 42.67862pt x 56.9055pt.
 [2

 <./Imagens/taiko-jomon.jpg>]
File: ./Imagens/taiko-jomon.jpg Graphic file (type jpg)
<use ./Imagens/taiko-jomon.jpg>
Package pdftex.def Info: ./Imagens/taiko-jomon.jpg  used on input line 35.
(pdftex.def)             Requested size: 42.67862pt x 56.9055pt.
 [3

] [4

] [5

] [6

] [7

]
[8

]
<./Imagens/gagaku-1.jpg, id=344, 399.74344pt x 323.70938pt>
File: ./Imagens/gagaku-1.jpg Graphic file (type jpg)
<use ./Imagens/gagaku-1.jpg>
Package pdftex.def Info: ./Imagens/gagaku-1.jpg  used on input line 71.
(pdftex.def)             Requested size: 59.72714pt x 48.36958pt.
<./Imagens/gagaku-2.jpg, id=345, 180.675pt x 240.9pt>
File: ./Imagens/gagaku-2.jpg Graphic file (type jpg)
<use ./Imagens/gagaku-2.jpg>
Package pdftex.def Info: ./Imagens/gagaku-2.jpg  used on input line 71.
(pdftex.def)             Requested size: 36.27495pt x 48.36958pt.
<./Imagens/gagaku-3.jpg, id=346, 762.85pt x 704.6325pt>
File: ./Imagens/gagaku-3.jpg Graphic file (type jpg)
<use ./Imagens/gagaku-3.jpg>
Package pdftex.def Info: ./Imagens/gagaku-3.jpg  used on input line 71.
(pdftex.def)             Requested size: 52.35733pt x 48.36958pt.
<./Imagens/gagaku-4.jpg, id=347, 411.5375pt x 632.3625pt>
File: ./Imagens/gagaku-4.jpg Graphic file (type jpg)
<use ./Imagens/gagaku-4.jpg>
Package pdftex.def Info: ./Imagens/gagaku-4.jpg  used on input line 71.
(pdftex.def)             Requested size: 31.47308pt x 48.36958pt.
<./Imagens/kabuki-1.jpg, id=348, 582.175pt x 408.52625pt>
File: ./Imagens/kabuki-1.jpg Graphic file (type jpg)
<use ./Imagens/kabuki-1.jpg>
Package pdftex.def Info: ./Imagens/kabuki-1.jpg  used on input line 71.
(pdftex.def)             Requested size: 68.92523pt x 48.36958pt.
<./Imagens/kabuki-2.jpg, id=349, 602.25pt x 361.35pt>
File: ./Imagens/kabuki-2.jpg Graphic file (type jpg)
<use ./Imagens/kabuki-2.jpg>
Package pdftex.def Info: ./Imagens/kabuki-2.jpg  used on input line 71.
(pdftex.def)             Requested size: 80.61102pt x 48.36958pt.
<./Imagens/kabuki-3.jpg, id=350, 1003.75pt x 451.6875pt>
File: ./Imagens/kabuki-3.jpg Graphic file (type jpg)
<use ./Imagens/kabuki-3.jpg>
Package pdftex.def Info: ./Imagens/kabuki-3.jpg  used on input line 71.
(pdftex.def)             Requested size: 107.48749pt x 48.36958pt.
<./Imagens/bonodori-1.jpg, id=351, 240.9pt x 134.6631pt>
File: ./Imagens/bonodori-1.jpg Graphic file (type jpg)
<use ./Imagens/bonodori-1.jpg>
Package pdftex.def Info: ./Imagens/bonodori-1.jpg  used on input line 71.
(pdftex.def)             Requested size: 86.5291pt x 48.36958pt.
<./Imagens/bonodori-2.jpg, id=352, 501.875pt x 335.2525pt>
File: ./Imagens/bonodori-2.jpg Graphic file (type jpg)
<use ./Imagens/bonodori-2.jpg>
Package pdftex.def Info: ./Imagens/bonodori-2.jpg  used on input line 71.
(pdftex.def)             Requested size: 72.40625pt x 48.36958pt.
<./Imagens/bonodori-3.jpg, id=353, 276.03125pt x 183.68625pt>
File: ./Imagens/bonodori-3.jpg Graphic file (type jpg)
<use ./Imagens/bonodori-3.jpg>
Package pdftex.def Info: ./Imagens/bonodori-3.jpg  used on input line 71.
(pdftex.def)             Requested size: 72.68462pt x 48.36958pt.
 [9

 <./Imagens/gagaku-1.jpg> <./Imagens/gagaku-2.jpg> <./Imagens/gagaku-3.jpg> <./
Imagens/gagaku-4.jpg> <./Imagens/kabuki-1.jpg> <./Imagens/kabuki-2.jpg> <./Imag
ens/kabuki-3.jpg> <./Imagens/bonodori-1.jpg> <./Imagens/bonodori-2.jpg> <./Imag
ens/bonodori-3.jpg>]
File: ./Imagens/gagaku-1.jpg Graphic file (type jpg)
<use ./Imagens/gagaku-1.jpg>
Package pdftex.def Info: ./Imagens/gagaku-1.jpg  used on input line 71.
(pdftex.def)             Requested size: 59.72714pt x 48.36958pt.
File: ./Imagens/gagaku-2.jpg Graphic file (type jpg)
<use ./Imagens/gagaku-2.jpg>
Package pdftex.def Info: ./Imagens/gagaku-2.jpg  used on input line 71.
(pdftex.def)             Requested size: 36.27495pt x 48.36958pt.
File: ./Imagens/gagaku-3.jpg Graphic file (type jpg)
<use ./Imagens/gagaku-3.jpg>
Package pdftex.def Info: ./Imagens/gagaku-3.jpg  used on input line 71.
(pdftex.def)             Requested size: 52.35733pt x 48.36958pt.
File: ./Imagens/gagaku-4.jpg Graphic file (type jpg)
<use ./Imagens/gagaku-4.jpg>
Package pdftex.def Info: ./Imagens/gagaku-4.jpg  used on input line 71.
(pdftex.def)             Requested size: 31.47308pt x 48.36958pt.
File: ./Imagens/kabuki-1.jpg Graphic file (type jpg)
<use ./Imagens/kabuki-1.jpg>
Package pdftex.def Info: ./Imagens/kabuki-1.jpg  used on input line 71.
(pdftex.def)             Requested size: 68.92523pt x 48.36958pt.
File: ./Imagens/kabuki-2.jpg Graphic file (type jpg)
<use ./Imagens/kabuki-2.jpg>
Package pdftex.def Info: ./Imagens/kabuki-2.jpg  used on input line 71.
(pdftex.def)             Requested size: 80.61102pt x 48.36958pt.
File: ./Imagens/kabuki-3.jpg Graphic file (type jpg)
<use ./Imagens/kabuki-3.jpg>
Package pdftex.def Info: ./Imagens/kabuki-3.jpg  used on input line 71.
(pdftex.def)             Requested size: 107.48749pt x 48.36958pt.
File: ./Imagens/bonodori-1.jpg Graphic file (type jpg)
<use ./Imagens/bonodori-1.jpg>
Package pdftex.def Info: ./Imagens/bonodori-1.jpg  used on input line 71.
(pdftex.def)             Requested size: 86.5291pt x 48.36958pt.
File: ./Imagens/bonodori-2.jpg Graphic file (type jpg)
<use ./Imagens/bonodori-2.jpg>
Package pdftex.def Info: ./Imagens/bonodori-2.jpg  used on input line 71.
(pdftex.def)             Requested size: 72.40625pt x 48.36958pt.
File: ./Imagens/bonodori-3.jpg Graphic file (type jpg)
<use ./Imagens/bonodori-3.jpg>
Package pdftex.def Info: ./Imagens/bonodori-3.jpg  used on input line 71.
(pdftex.def)             Requested size: 72.68462pt x 48.36958pt.
 [10

]
File: ./Imagens/gagaku-1.jpg Graphic file (type jpg)
<use ./Imagens/gagaku-1.jpg>
Package pdftex.def Info: ./Imagens/gagaku-1.jpg  used on input line 71.
(pdftex.def)             Requested size: 59.72714pt x 48.36958pt.
File: ./Imagens/gagaku-2.jpg Graphic file (type jpg)
<use ./Imagens/gagaku-2.jpg>
Package pdftex.def Info: ./Imagens/gagaku-2.jpg  used on input line 71.
(pdftex.def)             Requested size: 36.27495pt x 48.36958pt.
File: ./Imagens/gagaku-3.jpg Graphic file (type jpg)
<use ./Imagens/gagaku-3.jpg>
Package pdftex.def Info: ./Imagens/gagaku-3.jpg  used on input line 71.
(pdftex.def)             Requested size: 52.35733pt x 48.36958pt.
File: ./Imagens/gagaku-4.jpg Graphic file (type jpg)
<use ./Imagens/gagaku-4.jpg>
Package pdftex.def Info: ./Imagens/gagaku-4.jpg  used on input line 71.
(pdftex.def)             Requested size: 31.47308pt x 48.36958pt.
File: ./Imagens/kabuki-1.jpg Graphic file (type jpg)
<use ./Imagens/kabuki-1.jpg>
Package pdftex.def Info: ./Imagens/kabuki-1.jpg  used on input line 71.
(pdftex.def)             Requested size: 68.92523pt x 48.36958pt.
File: ./Imagens/kabuki-2.jpg Graphic file (type jpg)
<use ./Imagens/kabuki-2.jpg>
Package pdftex.def Info: ./Imagens/kabuki-2.jpg  used on input line 71.
(pdftex.def)             Requested size: 80.61102pt x 48.36958pt.
File: ./Imagens/kabuki-3.jpg Graphic file (type jpg)
<use ./Imagens/kabuki-3.jpg>
Package pdftex.def Info: ./Imagens/kabuki-3.jpg  used on input line 71.
(pdftex.def)             Requested size: 107.48749pt x 48.36958pt.
File: ./Imagens/bonodori-1.jpg Graphic file (type jpg)
<use ./Imagens/bonodori-1.jpg>
Package pdftex.def Info: ./Imagens/bonodori-1.jpg  used on input line 71.
(pdftex.def)             Requested size: 86.5291pt x 48.36958pt.
File: ./Imagens/bonodori-2.jpg Graphic file (type jpg)
<use ./Imagens/bonodori-2.jpg>
Package pdftex.def Info: ./Imagens/bonodori-2.jpg  used on input line 71.
(pdftex.def)             Requested size: 72.40625pt x 48.36958pt.
File: ./Imagens/bonodori-3.jpg Graphic file (type jpg)
<use ./Imagens/bonodori-3.jpg>
Package pdftex.def Info: ./Imagens/bonodori-3.jpg  used on input line 71.
(pdftex.def)             Requested size: 72.68462pt x 48.36958pt.
 [11

]
File: ./Imagens/gagaku-1.jpg Graphic file (type jpg)
<use ./Imagens/gagaku-1.jpg>
Package pdftex.def Info: ./Imagens/gagaku-1.jpg  used on input line 71.
(pdftex.def)             Requested size: 59.72714pt x 48.36958pt.
File: ./Imagens/gagaku-2.jpg Graphic file (type jpg)
<use ./Imagens/gagaku-2.jpg>
Package pdftex.def Info: ./Imagens/gagaku-2.jpg  used on input line 71.
(pdftex.def)             Requested size: 36.27495pt x 48.36958pt.
File: ./Imagens/gagaku-3.jpg Graphic file (type jpg)
<use ./Imagens/gagaku-3.jpg>
Package pdftex.def Info: ./Imagens/gagaku-3.jpg  used on input line 71.
(pdftex.def)             Requested size: 52.35733pt x 48.36958pt.
File: ./Imagens/gagaku-4.jpg Graphic file (type jpg)
<use ./Imagens/gagaku-4.jpg>
Package pdftex.def Info: ./Imagens/gagaku-4.jpg  used on input line 71.
(pdftex.def)             Requested size: 31.47308pt x 48.36958pt.
File: ./Imagens/kabuki-1.jpg Graphic file (type jpg)
<use ./Imagens/kabuki-1.jpg>
Package pdftex.def Info: ./Imagens/kabuki-1.jpg  used on input line 71.
(pdftex.def)             Requested size: 68.92523pt x 48.36958pt.
File: ./Imagens/kabuki-2.jpg Graphic file (type jpg)
<use ./Imagens/kabuki-2.jpg>
Package pdftex.def Info: ./Imagens/kabuki-2.jpg  used on input line 71.
(pdftex.def)             Requested size: 80.61102pt x 48.36958pt.
File: ./Imagens/kabuki-3.jpg Graphic file (type jpg)
<use ./Imagens/kabuki-3.jpg>
Package pdftex.def Info: ./Imagens/kabuki-3.jpg  used on input line 71.
(pdftex.def)             Requested size: 107.48749pt x 48.36958pt.
File: ./Imagens/bonodori-1.jpg Graphic file (type jpg)
<use ./Imagens/bonodori-1.jpg>
Package pdftex.def Info: ./Imagens/bonodori-1.jpg  used on input line 71.
(pdftex.def)             Requested size: 86.5291pt x 48.36958pt.
File: ./Imagens/bonodori-2.jpg Graphic file (type jpg)
<use ./Imagens/bonodori-2.jpg>
Package pdftex.def Info: ./Imagens/bonodori-2.jpg  used on input line 71.
(pdftex.def)             Requested size: 72.40625pt x 48.36958pt.
File: ./Imagens/bonodori-3.jpg Graphic file (type jpg)
<use ./Imagens/bonodori-3.jpg>
Package pdftex.def Info: ./Imagens/bonodori-3.jpg  used on input line 71.
(pdftex.def)             Requested size: 72.68462pt x 48.36958pt.
 [12

]
File: ./Imagens/gagaku-1.jpg Graphic file (type jpg)
<use ./Imagens/gagaku-1.jpg>
Package pdftex.def Info: ./Imagens/gagaku-1.jpg  used on input line 71.
(pdftex.def)             Requested size: 59.72714pt x 48.36958pt.
File: ./Imagens/gagaku-2.jpg Graphic file (type jpg)
<use ./Imagens/gagaku-2.jpg>
Package pdftex.def Info: ./Imagens/gagaku-2.jpg  used on input line 71.
(pdftex.def)             Requested size: 36.27495pt x 48.36958pt.
File: ./Imagens/gagaku-3.jpg Graphic file (type jpg)
<use ./Imagens/gagaku-3.jpg>
Package pdftex.def Info: ./Imagens/gagaku-3.jpg  used on input line 71.
(pdftex.def)             Requested size: 52.35733pt x 48.36958pt.
File: ./Imagens/gagaku-4.jpg Graphic file (type jpg)
<use ./Imagens/gagaku-4.jpg>
Package pdftex.def Info: ./Imagens/gagaku-4.jpg  used on input line 71.
(pdftex.def)             Requested size: 31.47308pt x 48.36958pt.
File: ./Imagens/kabuki-1.jpg Graphic file (type jpg)
<use ./Imagens/kabuki-1.jpg>
Package pdftex.def Info: ./Imagens/kabuki-1.jpg  used on input line 71.
(pdftex.def)             Requested size: 68.92523pt x 48.36958pt.
File: ./Imagens/kabuki-2.jpg Graphic file (type jpg)
<use ./Imagens/kabuki-2.jpg>
Package pdftex.def Info: ./Imagens/kabuki-2.jpg  used on input line 71.
(pdftex.def)             Requested size: 80.61102pt x 48.36958pt.
File: ./Imagens/kabuki-3.jpg Graphic file (type jpg)
<use ./Imagens/kabuki-3.jpg>
Package pdftex.def Info: ./Imagens/kabuki-3.jpg  used on input line 71.
(pdftex.def)             Requested size: 107.48749pt x 48.36958pt.
File: ./Imagens/bonodori-1.jpg Graphic file (type jpg)
<use ./Imagens/bonodori-1.jpg>
Package pdftex.def Info: ./Imagens/bonodori-1.jpg  used on input line 71.
(pdftex.def)             Requested size: 86.5291pt x 48.36958pt.
File: ./Imagens/bonodori-2.jpg Graphic file (type jpg)
<use ./Imagens/bonodori-2.jpg>
Package pdftex.def Info: ./Imagens/bonodori-2.jpg  used on input line 71.
(pdftex.def)             Requested size: 72.40625pt x 48.36958pt.
File: ./Imagens/bonodori-3.jpg Graphic file (type jpg)
<use ./Imagens/bonodori-3.jpg>
Package pdftex.def Info: ./Imagens/bonodori-3.jpg  used on input line 71.
(pdftex.def)             Requested size: 72.68462pt x 48.36958pt.
 [13

]
<./Imagens/kumidaiko-1.jpg, id=531, 963.6pt x 642.4pt>
File: ./Imagens/kumidaiko-1.jpg Graphic file (type jpg)
<use ./Imagens/kumidaiko-1.jpg>
Package pdftex.def Info: ./Imagens/kumidaiko-1.jpg  used on input line 86.
(pdftex.def)             Requested size: 128.03662pt x 85.35826pt.
<./Imagens/kumidaiko-2.jpg, id=532, 963.6pt x 722.7pt>
File: ./Imagens/kumidaiko-2.jpg Graphic file (type jpg)
<use ./Imagens/kumidaiko-2.jpg>
Package pdftex.def Info: ./Imagens/kumidaiko-2.jpg  used on input line 86.
(pdftex.def)             Requested size: 113.80379pt x 85.35826pt.
<./Imagens/kumidaiko-3.jpg, id=533, 501.875pt x 334.24875pt>
File: ./Imagens/kumidaiko-3.jpg Graphic file (type jpg)
<use ./Imagens/kumidaiko-3.jpg>
Package pdftex.def Info: ./Imagens/kumidaiko-3.jpg  used on input line 86.
(pdftex.def)             Requested size: 128.16405pt x 85.35826pt.
<./Imagens/kumidaiko-4.jpg, id=534, 207.77625pt x 150.5625pt>
File: ./Imagens/kumidaiko-4.jpg Graphic file (type jpg)
<use ./Imagens/kumidaiko-4.jpg>
Package pdftex.def Info: ./Imagens/kumidaiko-4.jpg  used on input line 86.
(pdftex.def)             Requested size: 117.79959pt x 85.35826pt.
 [14

 <./Imagens/kumidaiko-1.jpg> <./Imagens/kumidaiko-2.jpg> <./Imagens/kumidaiko-3
.jpg> <./Imagens/kumidaiko-4.jpg>]
File: ./Imagens/kumidaiko-1.jpg Graphic file (type jpg)
<use ./Imagens/kumidaiko-1.jpg>
Package pdftex.def Info: ./Imagens/kumidaiko-1.jpg  used on input line 86.
(pdftex.def)             Requested size: 128.03662pt x 85.35826pt.
File: ./Imagens/kumidaiko-2.jpg Graphic file (type jpg)
<use ./Imagens/kumidaiko-2.jpg>
Package pdftex.def Info: ./Imagens/kumidaiko-2.jpg  used on input line 86.
(pdftex.def)             Requested size: 113.80379pt x 85.35826pt.
File: ./Imagens/kumidaiko-3.jpg Graphic file (type jpg)
<use ./Imagens/kumidaiko-3.jpg>
Package pdftex.def Info: ./Imagens/kumidaiko-3.jpg  used on input line 86.
(pdftex.def)             Requested size: 128.16405pt x 85.35826pt.
File: ./Imagens/kumidaiko-4.jpg Graphic file (type jpg)
<use ./Imagens/kumidaiko-4.jpg>
Package pdftex.def Info: ./Imagens/kumidaiko-4.jpg  used on input line 86.
(pdftex.def)             Requested size: 117.79959pt x 85.35826pt.
 [15

]
File: ./Imagens/kumidaiko-1.jpg Graphic file (type jpg)
<use ./Imagens/kumidaiko-1.jpg>
Package pdftex.def Info: ./Imagens/kumidaiko-1.jpg  used on input line 86.
(pdftex.def)             Requested size: 128.03662pt x 85.35826pt.
File: ./Imagens/kumidaiko-2.jpg Graphic file (type jpg)
<use ./Imagens/kumidaiko-2.jpg>
Package pdftex.def Info: ./Imagens/kumidaiko-2.jpg  used on input line 86.
(pdftex.def)             Requested size: 113.80379pt x 85.35826pt.
File: ./Imagens/kumidaiko-3.jpg Graphic file (type jpg)
<use ./Imagens/kumidaiko-3.jpg>
Package pdftex.def Info: ./Imagens/kumidaiko-3.jpg  used on input line 86.
(pdftex.def)             Requested size: 128.16405pt x 85.35826pt.
File: ./Imagens/kumidaiko-4.jpg Graphic file (type jpg)
<use ./Imagens/kumidaiko-4.jpg>
Package pdftex.def Info: ./Imagens/kumidaiko-4.jpg  used on input line 86.
(pdftex.def)             Requested size: 117.79959pt x 85.35826pt.
 [16

]
<./Imagens/fukuoka.jpg, id=641, 642.4pt x 481.8pt>
File: ./Imagens/fukuoka.jpg Graphic file (type jpg)
<use ./Imagens/fukuoka.jpg>
Package pdftex.def Info: ./Imagens/fukuoka.jpg  used on input line 101.
(pdftex.def)             Requested size: 75.86919pt x 56.9055pt.
 [17

 <./Imagens/fukuoka.jpg>]
File: ./Imagens/fukuoka.jpg Graphic file (type jpg)
<use ./Imagens/fukuoka.jpg>
Package pdftex.def Info: ./Imagens/fukuoka.jpg  used on input line 101.
(pdftex.def)             Requested size: 75.86919pt x 56.9055pt.
 [18

]
File: ./Imagens/fukuoka.jpg Graphic file (type jpg)
<use ./Imagens/fukuoka.jpg>
Package pdftex.def Info: ./Imagens/fukuoka.jpg  used on input line 101.
(pdftex.def)             Requested size: 75.86919pt x 56.9055pt.
 [19

]
File: ./Imagens/fukuoka.jpg Graphic file (type jpg)
<use ./Imagens/fukuoka.jpg>
Package pdftex.def Info: ./Imagens/fukuoka.jpg  used on input line 101.
(pdftex.def)             Requested size: 75.86919pt x 56.9055pt.
 [20

]
File: ./Imagens/fukuoka.jpg Graphic file (type jpg)
<use ./Imagens/fukuoka.jpg>
Package pdftex.def Info: ./Imagens/fukuoka.jpg  used on input line 101.
(pdftex.def)             Requested size: 75.86919pt x 56.9055pt.
 [21

] [22

] [23

]
[24

] [25

] [26

] [27

] [28

] [29

] [30

]
<./Imagens/undokai-1.jpg, id=1138, 963.6pt x 642.4pt>
File: ./Imagens/undokai-1.jpg Graphic file (type jpg)
<use ./Imagens/undokai-1.jpg>
Package pdftex.def Info: ./Imagens/undokai-1.jpg  used on input line 135.
(pdftex.def)             Requested size: 128.03662pt x 85.35826pt.
<./Imagens/undokai-2.jpg, id=1139, 963.6pt x 641.39626pt>
File: ./Imagens/undokai-2.jpg Graphic file (type jpg)
<use ./Imagens/undokai-2.jpg>
Package pdftex.def Info: ./Imagens/undokai-2.jpg  used on input line 135.
(pdftex.def)             Requested size: 128.22777pt x 85.35826pt.
<./Imagens/undokai-3.jpg, id=1140, 963.6pt x 642.4pt>
File: ./Imagens/undokai-3.jpg Graphic file (type jpg)
<use ./Imagens/undokai-3.jpg>
Package pdftex.def Info: ./Imagens/undokai-3.jpg  used on input line 135.
(pdftex.def)             Requested size: 128.03662pt x 85.35826pt.
<./Imagens/undokai-4.jpg, id=1141, 963.6pt x 454.69875pt>
File: ./Imagens/undokai-4.jpg Graphic file (type jpg)
<use ./Imagens/undokai-4.jpg>
Package pdftex.def Info: ./Imagens/undokai-4.jpg  used on input line 135.
(pdftex.def)             Requested size: 120.58203pt x 56.9055pt.
 [31

 <./Imagens/undokai-1.jpg> <./Imagens/undokai-2.jpg> <./Imagens/undokai-3.jpg> 
<./Imagens/undokai-4.jpg>]
<./Imagens/ikoi-no-sono-1.jpg, id=1178, 963.6pt x 642.4pt>
File: ./Imagens/ikoi-no-sono-1.jpg Graphic file (type jpg)
<use ./Imagens/ikoi-no-sono-1.jpg>
Package pdftex.def Info: ./Imagens/ikoi-no-sono-1.jpg  used on input line 142.
(pdftex.def)             Requested size: 128.03662pt x 85.35826pt.
<./Imagens/ikoi-no-sono-2.jpg, id=1179, 963.6pt x 642.4pt>
File: ./Imagens/ikoi-no-sono-2.jpg Graphic file (type jpg)
<use ./Imagens/ikoi-no-sono-2.jpg>
Package pdftex.def Info: ./Imagens/ikoi-no-sono-2.jpg  used on input line 142.
(pdftex.def)             Requested size: 128.03662pt x 85.35826pt.
<./Imagens/ikoi-no-sono-3.jpg, id=1180, 963.6pt x 722.7pt>
File: ./Imagens/ikoi-no-sono-3.jpg Graphic file (type jpg)
<use ./Imagens/ikoi-no-sono-3.jpg>
Package pdftex.def Info: ./Imagens/ikoi-no-sono-3.jpg  used on input line 142.
(pdftex.def)             Requested size: 113.80379pt x 85.35826pt.
<./Imagens/ikoi-no-sono-4.jpg, id=1181, 963.6pt x 642.4pt>
File: ./Imagens/ikoi-no-sono-4.jpg Graphic file (type jpg)
<use ./Imagens/ikoi-no-sono-4.jpg>
Package pdftex.def Info: ./Imagens/ikoi-no-sono-4.jpg  used on input line 142.
(pdftex.def)             Requested size: 128.03662pt x 85.35826pt.
 [32

 <./Imagens/ikoi-no-sono-1.jpg> <./Imagens/ikoi-no-sono-2.jpg> <./Imagens/ikoi-
no-sono-3.jpg> <./Imagens/ikoi-no-sono-4.jpg>]
<./Imagens/JM-1.jpg, id=1218, 1284.8pt x 624.3325pt>
File: ./Imagens/JM-1.jpg Graphic file (type jpg)
<use ./Imagens/JM-1.jpg>
Package pdftex.def Info: ./Imagens/JM-1.jpg  used on input line 147.
(pdftex.def)             Requested size: 175.65582pt x 85.35826pt.
<./Imagens/JM-2.jpg, id=1219, 1284.8pt x 722.7pt>
File: ./Imagens/JM-2.jpg Graphic file (type jpg)
<use ./Imagens/JM-2.jpg>
Package pdftex.def Info: ./Imagens/JM-2.jpg  used on input line 147.
(pdftex.def)             Requested size: 151.73839pt x 85.35826pt.
 [33

 <./Imagens/JM-1.jpg> <./Imagens/JM-2.jpg>]
<./Imagens/campos-1.jpg, id=1255, 275.0275pt x 206.7725pt>
File: ./Imagens/campos-1.jpg Graphic file (type jpg)
<use ./Imagens/campos-1.jpg>
Package pdftex.def Info: ./Imagens/campos-1.jpg  used on input line 152.
(pdftex.def)             Requested size: 113.53416pt x 85.35826pt.
<./Imagens/campos-2.jpg, id=1256, 310.15875pt x 206.7725pt>
File: ./Imagens/campos-2.jpg Graphic file (type jpg)
<use ./Imagens/campos-2.jpg>
Package pdftex.def Info: ./Imagens/campos-2.jpg  used on input line 152.
(pdftex.def)             Requested size: 128.03671pt x 85.35826pt.
 [34

 <./Imagens/campos-1.jpg> <./Imagens/campos-2.jpg>]
<./Imagens/todoroki-fest-1.jpg, id=1291, 963.6pt x 609.27625pt>
File: ./Imagens/todoroki-fest-1.jpg Graphic file (type jpg)
<use ./Imagens/todoroki-fest-1.jpg>
Package pdftex.def Info: ./Imagens/todoroki-fest-1.jpg  used on input line 157.

(pdftex.def)             Requested size: 139.49051pt x 88.2037pt.
<./Imagens/todoroki-fest-2.jpg, id=1292, 963.6pt x 542.025pt>
File: ./Imagens/todoroki-fest-2.jpg Graphic file (type jpg)
<use ./Imagens/todoroki-fest-2.jpg>
Package pdftex.def Info: ./Imagens/todoroki-fest-2.jpg  used on input line 157.

(pdftex.def)             Requested size: 156.79634pt x 88.2037pt.
 [35

 <./Imagens/todoroki-fest-1.jpg> <./Imagens/todoroki-fest-2.jpg>]
<./Imagens/instrumentos-1.jpg, id=1328, 301.125pt x 337.26pt>
File: ./Imagens/instrumentos-1.jpg Graphic file (type jpg)
<use ./Imagens/instrumentos-1.jpg>
Package pdftex.def Info: ./Imagens/instrumentos-1.jpg  used on input line 179.
(pdftex.def)             Requested size: 40.02522pt x 44.82863pt.
<./Imagens/instrumentos-2.jpg, id=1329, 303.1325pt x 281.05pt>
File: ./Imagens/instrumentos-2.jpg Graphic file (type jpg)
<use ./Imagens/instrumentos-2.jpg>
Package pdftex.def Info: ./Imagens/instrumentos-2.jpg  used on input line 179.
(pdftex.def)             Requested size: 48.34955pt x 44.82863pt.
<./Imagens/instrumentos-3.jpg, id=1330, 301.125pt x 337.26pt>
File: ./Imagens/instrumentos-3.jpg Graphic file (type jpg)
<use ./Imagens/instrumentos-3.jpg>
Package pdftex.def Info: ./Imagens/instrumentos-3.jpg  used on input line 179.
(pdftex.def)             Requested size: 40.02522pt x 44.82863pt.
<./Imagens/instrumentos-4.jpg, id=1331, 301.125pt x 337.26pt>
File: ./Imagens/instrumentos-4.jpg Graphic file (type jpg)
<use ./Imagens/instrumentos-4.jpg>
Package pdftex.def Info: ./Imagens/instrumentos-4.jpg  used on input line 179.
(pdftex.def)             Requested size: 40.02522pt x 44.82863pt.
<./Imagens/instrumentos-5.jpg, id=1332, 276.03125pt x 183.68625pt>
File: ./Imagens/instrumentos-5.jpg Graphic file (type jpg)
<use ./Imagens/instrumentos-5.jpg>
Package pdftex.def Info: ./Imagens/instrumentos-5.jpg  used on input line 179.
(pdftex.def)             Requested size: 67.36499pt x 44.82863pt.
<./Imagens/instrumentos-6.jpg, id=1333, 301.125pt x 337.26pt>
File: ./Imagens/instrumentos-6.jpg Graphic file (type jpg)
<use ./Imagens/instrumentos-6.jpg>
Package pdftex.def Info: ./Imagens/instrumentos-6.jpg  used on input line 179.
(pdftex.def)             Requested size: 40.02522pt x 44.82863pt.
<./Imagens/instrumentos-7.jpg, id=1334, 301.125pt x 337.26pt>
File: ./Imagens/instrumentos-7.jpg Graphic file (type jpg)
<use ./Imagens/instrumentos-7.jpg>
Package pdftex.def Info: ./Imagens/instrumentos-7.jpg  used on input line 179.
(pdftex.def)             Requested size: 40.02522pt x 44.82863pt.
<./Imagens/instrumentos-8.jpg, id=1335, 225.84375pt x 225.84375pt>
File: ./Imagens/instrumentos-8.jpg Graphic file (type jpg)
<use ./Imagens/instrumentos-8.jpg>
Package pdftex.def Info: ./Imagens/instrumentos-8.jpg  used on input line 179.
(pdftex.def)             Requested size: 44.82678pt x 44.82863pt.
<./Imagens/instrumentos-9.jpg, id=1336, 301.125pt x 337.26pt>
File: ./Imagens/instrumentos-9.jpg Graphic file (type jpg)
<use ./Imagens/instrumentos-9.jpg>
Package pdftex.def Info: ./Imagens/instrumentos-9.jpg  used on input line 179.
(pdftex.def)             Requested size: 40.02522pt x 44.82863pt.
<./Imagens/instrumentos-10.jpg, id=1337, 290.08376pt x 175.65625pt>
File: ./Imagens/instrumentos-10.jpg Graphic file (type jpg)
<use ./Imagens/instrumentos-10.jpg>
Package pdftex.def Info: ./Imagens/instrumentos-10.jpg  used on input line 179.

(pdftex.def)             Requested size: 74.03012pt x 44.82863pt.
<./Imagens/instrumentos-11.jpg, id=1338, 1027.84pt x 1027.84pt>
File: ./Imagens/instrumentos-11.jpg Graphic file (type jpg)
<use ./Imagens/instrumentos-11.jpg>
Package pdftex.def Info: ./Imagens/instrumentos-11.jpg  used on input line 179.

(pdftex.def)             Requested size: 44.8236pt x 44.82863pt.
<./Imagens/instrumentos-12.jpg, id=1339, 426.59375pt x 602.25pt>
File: ./Imagens/instrumentos-12.jpg Graphic file (type jpg)
<use ./Imagens/instrumentos-12.jpg>
Package pdftex.def Info: ./Imagens/instrumentos-12.jpg  used on input line 179.

(pdftex.def)             Requested size: 31.7523pt x 44.82863pt.
<./Imagens/instrumentos-13.jpg, id=1340, 225.84375pt x 225.84375pt>
File: ./Imagens/instrumentos-13.jpg Graphic file (type jpg)
<use ./Imagens/instrumentos-13.jpg>
Package pdftex.def Info: ./Imagens/instrumentos-13.jpg  used on input line 179.

(pdftex.def)             Requested size: 44.82678pt x 44.82863pt.
<./Imagens/instrumentos-14.jpg, id=1341, 488.82625pt x 451.6875pt>
File: ./Imagens/instrumentos-14.jpg Graphic file (type jpg)
<use ./Imagens/instrumentos-14.jpg>
Package pdftex.def Info: ./Imagens/instrumentos-14.jpg  used on input line 179.

(pdftex.def)             Requested size: 48.51254pt x 44.82863pt.
<./Imagens/instrumentos-15.jpg, id=1342, 346.896pt x 346.896pt>
File: ./Imagens/instrumentos-15.jpg Graphic file (type jpg)
<use ./Imagens/instrumentos-15.jpg>
Package pdftex.def Info: ./Imagens/instrumentos-15.jpg  used on input line 179.

(pdftex.def)             Requested size: 44.8281pt x 44.82863pt.
 [36

 <./Imagens/instrumentos-1.jpg> <./Imagens/instrumentos-2.jpg> <./Imagens/instr
umentos-3.jpg> <./Imagens/instrumentos-4.jpg> <./Imagens/instrumentos-5.jpg> <.
/Imagens/instrumentos-6.jpg> <./Imagens/instrumentos-7.jpg> <./Imagens/instrume
ntos-8.jpg> <./Imagens/instrumentos-9.jpg> <./Imagens/instrumentos-10.jpg> <./I
magens/instrumentos-11.jpg> <./Imagens/instrumentos-12.jpg> <./Imagens/instrume
ntos-13.jpg> <./Imagens/instrumentos-14.jpg> <./Imagens/instrumentos-15.jpg>]
<./Imagens/wii.jpg, id=1377, 212.795pt x 238.8925pt>
File: ./Imagens/wii.jpg Graphic file (type jpg)
<use ./Imagens/wii.jpg>
Package pdftex.def Info: ./Imagens/wii.jpg  used on input line 186.
(pdftex.def)             Requested size: 79.86285pt x 89.65727pt.
<./Imagens/tatsujin.jpg, id=1378, 642.4pt x 1028.84375pt>
File: ./Imagens/tatsujin.jpg Graphic file (type jpg)
<use ./Imagens/tatsujin.jpg>
Package pdftex.def Info: ./Imagens/tatsujin.jpg  used on input line 186.
(pdftex.def)             Requested size: 55.98048pt x 89.65727pt.
<./Imagens/ds.jpg, id=1379, 642.4pt x 578.16pt>
File: ./Imagens/ds.jpg Graphic file (type jpg)
<use ./Imagens/ds.jpg>
Package pdftex.def Info: ./Imagens/ds.jpg  used on input line 186.
(pdftex.def)             Requested size: 99.61017pt x 89.65727pt.
 [37

 <./Imagens/wii.jpg> <./Imagens/tatsujin.jpg> <./Imagens/ds.jpg>]
\tf@nav=\write6
\openout6 = `Slides.nav'.

\tf@toc=\write7
\openout7 = `Slides.toc'.

\tf@snm=\write8
\openout8 = `Slides.snm'.

Package atveryend Info: Empty hook `BeforeClearDocument' on input line 187.
Package atveryend Info: Empty hook `AfterLastShipout' on input line 187.
 (./Slides.aux)
Package atveryend Info: Executing hook `AtVeryEndDocument' on input line 187.
Package atveryend Info: Executing hook `AtEndAfterFileList' on input line 187.
Package rerunfilecheck Info: File `Slides.out' has not changed.
(rerunfilecheck)             Checksum: 7DEC8C396B202823F5BDE0C1B8FBED55;523.
 ) 
Here is how much of TeX's memory you used:
 18741 strings out of 494088
 354839 string characters out of 6165407
 439927 words of memory out of 5000000
 21901 multiletter control sequences out of 15000+600000
 6052 words of font info for 22 fonts, out of 8000000 for 9000
 319 hyphenation exceptions out of 8191
 48i,16n,66p,800b,563s stack positions out of 5000i,500n,10000p,200000b,80000s
</opt/texlive/2018/texmf-dist/fonts/type1/public/amsfonts/cm/cmss10.pfb></opt
/texlive/2018/texmf-dist/fonts/type1/public/amsfonts/cm/cmss12.pfb></opt/texliv
e/2018/texmf-dist/fonts/type1/public/amsfonts/cm/cmss8.pfb></opt/texlive/2018/t
exmf-dist/fonts/type1/public/amsfonts/cm/cmssbx10.pfb>
Output written on Slides.pdf (37 pages, 4202723 bytes).
PDF statistics:
 1453 PDF objects out of 1728 (max. 8388607)
 1342 compressed objects within 14 object streams
 84 named destinations out of 1000 (max. 500000)
 355 words of extra memory for PDF output out of 10000 (max. 10000000)

